  main.cpp
C:\Users\Mr Ys\Desktop\Game Engine\c++\pxlib\pxlib v0.0.1\main.cpp(2,1): warning C4005: "UNICODE": Makro-Neudefinition
C:\Users\Mr Ys\Desktop\Game Engine\c++\pxlib\pxlib v0.0.1\main.cpp(2,1): message : „UNICODE“ wurde zuvor in der Befehlszeile deklariert
C:\Users\Mr Ys\Desktop\Game Engine\c++\pxlib\pxlib v0.0.1\tools.h(15,32): warning C4244: "Argument": Konvertierung von "float" in "int", möglicher Datenverlust
C:\Users\Mr Ys\Desktop\Game Engine\c++\pxlib\pxlib v0.0.1\tools.h(15,25): warning C4244: "Argument": Konvertierung von "float" in "int", möglicher Datenverlust
C:\Users\Mr Ys\Desktop\Game Engine\c++\pxlib\pxlib v0.0.1\tools.h(33,60): warning C4244: "Argument": Konvertierung von "double" in "float", möglicher Datenverlust
C:\Users\Mr Ys\Desktop\Game Engine\c++\pxlib\pxlib v0.0.1\tools.h(33,28): warning C4244: "Argument": Konvertierung von "double" in "float", möglicher Datenverlust
C:\Users\Mr Ys\Desktop\Game Engine\c++\pxlib\pxlib v0.0.1\tools.h(41,61): warning C4244: "Argument": Konvertierung von "double" in "float", möglicher Datenverlust
C:\Users\Mr Ys\Desktop\Game Engine\c++\pxlib\pxlib v0.0.1\tools.h(41,33): warning C4244: "Argument": Konvertierung von "double" in "float", möglicher Datenverlust
C:\Users\Mr Ys\Desktop\Game Engine\c++\pxlib\pxlib v0.0.1\tools.h(52,11): warning C4305: "Initialisierung": Verkürzung von "double" in "float"
C:\Users\Mr Ys\Desktop\Game Engine\c++\pxlib\pxlib v0.0.1\tools.h(64,39): warning C4244: "Argument": Konvertierung von "double" in "float", möglicher Datenverlust
C:\Users\Mr Ys\Desktop\Game Engine\c++\pxlib\pxlib v0.0.1\tools.h(69,39): warning C4244: "Argument": Konvertierung von "double" in "float", möglicher Datenverlust
C:\Users\Mr Ys\Desktop\Game Engine\c++\pxlib\pxlib v0.0.1\plane.h(57,71): warning C4244: "=": Konvertierung von "double" in "float", möglicher Datenverlust
C:\Users\Mr Ys\Desktop\Game Engine\c++\pxlib\pxlib v0.0.1\plane.h(61,71): warning C4244: "=": Konvertierung von "double" in "float", möglicher Datenverlust
C:\Users\Mr Ys\Desktop\Game Engine\c++\pxlib\pxlib v0.0.1\plane.h(65,71): warning C4244: "=": Konvertierung von "double" in "float", möglicher Datenverlust
C:\Users\Mr Ys\Desktop\Game Engine\c++\pxlib\pxlib v0.0.1\plane.h(68,10): warning C4244: "=": Konvertierung von "double" in "float", möglicher Datenverlust
C:\Users\Mr Ys\Desktop\Game Engine\c++\pxlib\pxlib v0.0.1\pxlib.h(39,50): warning C4244: "=": Konvertierung von "double" in "float", möglicher Datenverlust
C:\Users\Mr Ys\Desktop\Game Engine\c++\pxlib\pxlib v0.0.1\pxlib.h(43,70): warning C4244: "=": Konvertierung von "double" in "float", möglicher Datenverlust
C:\Users\Mr Ys\Desktop\Game Engine\c++\pxlib\pxlib v0.0.1\pxlib.h(47,70): warning C4244: "=": Konvertierung von "double" in "float", möglicher Datenverlust
  pxlib v0.0.1.vcxproj -> C:\Users\Mr Ys\Desktop\Game Engine\c++\pxlib\pxlib v0.0.1\x64\Debug\pxlib v0.0.1.exe
